[debug] [2020-01-30T16:57:05.265Z] ----------------------------------------------------------------------
[debug] [2020-01-30T16:57:05.270Z] Command:       C:\Program Files\nodejs\node.exe C:\Users\amita\AppData\Roaming\npm\node_modules\firebase-tools\lib\bin\firebase.js serve
[debug] [2020-01-30T16:57:05.270Z] CLI Version:   7.12.1
[debug] [2020-01-30T16:57:05.270Z] Platform:      win32
[debug] [2020-01-30T16:57:05.271Z] Node Version:  v10.15.3
[debug] [2020-01-30T16:57:05.272Z] Time:          Thu Jan 30 2020 22:27:05 GMT+0530 (India Standard Time)
[debug] [2020-01-30T16:57:05.272Z] ----------------------------------------------------------------------
[debug] [2020-01-30T16:57:05.272Z] 
[debug] [2020-01-30T16:57:05.299Z] > command requires scopes: ["email","openid","https://www.googleapis.com/auth/cloudplatformprojects.readonly","https://www.googleapis.com/auth/firebase","https://www.googleapis.com/auth/cloud-platform"]
[debug] [2020-01-30T16:57:05.300Z] > authorizing via signed-in user
[debug] [2020-01-30T16:57:05.300Z] [iam] checking project aavashomes for permissions ["firebase.projects.get"]
[debug] [2020-01-30T16:57:05.306Z] >>> HTTP REQUEST POST https://cloudresourcemanager.googleapis.com/v1/projects/aavashomes:testIamPermissions  

[debug] [2020-01-30T16:57:07.633Z] <<< HTTP RESPONSE 200
[debug] [2020-01-30T16:57:07.641Z] >>> HTTP REQUEST GET https://firebase.googleapis.com/v1beta1/projects/aavashomes  
 
[debug] [2020-01-30T16:57:08.616Z] <<< HTTP RESPONSE 200
[info] 
[info] === Serving from 'C:\Users\amita\Desktop\FIREBASE UPLOAD'...
[info] 
[debug] [2020-01-30T16:57:08.628Z] >>> HTTP REQUEST GET https://firebase.googleapis.com/v1beta1/projects/aavashomes/webApps/-/config  
 
[debug] [2020-01-30T16:57:10.621Z] <<< HTTP RESPONSE 200
[info] i  hosting: Serving hosting files from: public
[info] +  hosting: Local server: http://localhost:5000
